TMS320C2000 Assembler PC v5.0.0 Sat Apr 02 12:20:12 2016

Tools Copyright (c) 1996-2007 Texas Instruments Incorporated
C:\Users\FEHR~1\AppData\Local\Temp\1501611                           PAGE    1

       1              ;***************************************************************
       2              ;* TMS320C2000 C/C++ Codegen                       PC v5.0.0B2 *
       3              ;* Date/Time created: Sat Apr 02 12:20:11 2016                 *
       4              ;***************************************************************
       5                      .compiler_opts --hll_source=on --mem_model:code=flat --mem_model:data=large --quiet --silicon_version
       6        0002  FP      .set    XAR2
       7                      .file   "set_save.c"
       8              ;**************************************************************
       9              ;* CINIT RECORDS                                              *
      10              ;**************************************************************
      11 00000000               .sect   ".cinit"
      12                      .align  1
      13 00000000 FFFE          .field          -2,16
      14 00000001 0004-         .field          _c_time+0,32
         00000002 0000 
      15 00000003 5200          .field          1528320,32                      ; _c_time @ 0
         00000004 0017 
      16              
      17 00000005               .sect   ".cinit"
      18                      .align  1
      19 00000005 FFFE          .field          -2,16
      20 00000006 0008-         .field          _c_date+0,32
         00000007 0000 
      21 00000008 1120          .field          594208,32                       ; _c_date @ 0
         00000009 0009 
      22              
      23                      .global _load_defv
      24 00000000       _load_defv:     .usect  ".ebss",1,1,0
      25                      .sym    _load_defv,_load_defv, 14, 2, 16
      26                      .global _set_datetm
      27 00000001       _set_datetm:    .usect  ".ebss",1,1,0
      28                      .sym    _set_datetm,_set_datetm, 14, 2, 16
      29                      .global _save_var
      30 00000002       _save_var:      .usect  ".ebss",1,1,0
      31                      .sym    _save_var,_save_var, 14, 2, 16
      32                      .global _c_time
      33 00000004       _c_time:        .usect  ".ebss",2,1,1
      34                      .sym    _c_time,_c_time, 15, 2, 32
      35                      .global _s_date
      36 00000006       _s_date:        .usect  ".ebss",2,1,1
      37                      .sym    _s_date,_s_date, 15, 2, 32
      38                      .global _c_date
      39 00000008       _c_date:        .usect  ".ebss",2,1,1
      40                      .sym    _c_date,_c_date, 15, 2, 32
      41                      .global _s_time
      42 0000000a       _s_time:        .usect  ".ebss",2,1,1
      43                      .sym    _s_time,_s_time, 15, 2, 32
      44              ;       C:\CCStudio_v3.3\C2000\cgtools\bin\opt2000.exe C:\\Users\\FEHR~1\\AppData\\Local\\Temp\\150163 C:\\Us
      45              ;       C:\CCStudio_v3.3\C2000\cgtools\bin\ac2000.exe -@C:\Users\FEHR~1\AppData\Local\Temp\1501614 
      46 00000000               .sect   ".text"
      47                      .global _convert_partBCD8_to_u8
      48                      .sym    _convert_partBCD8_to_u8,_convert_partBCD8_to_u8, 46, 2, 0
      49                      .func   37
      50              
      51              ;***************************************************************
TMS320C2000 Assembler PC v5.0.0 Sat Apr 02 12:20:12 2016

Tools Copyright (c) 1996-2007 Texas Instruments Incorporated
C:\Users\FEHR~1\AppData\Local\Temp\1501611                           PAGE    2

      52              ;* FNAME: _convert_partBCD8_to_u8       FR SIZE:   0           *
      53              ;*                                                             *
      54              ;* FUNCTION ENVIRONMENT                                        *
      55              ;*                                                             *
      56              ;* FUNCTION PROPERTIES                                         *
      57              ;*                            0 Parameter,  0 Auto,  0 SOE     *
      58              ;***************************************************************
      59              
      60              
      61              ;***************************************************************
      62              ;*                                                             *
      63              ;* Using -g (debug) with optimization (-o2) may disable key op *
      64              ;*                                                             *
      65              ;***************************************************************
      66 00000000       _convert_partBCD8_to_u8:
      67                      .line   2
      68              ;* AL    assigned to _ui
      69                      .sym    _ui,0, 15, 17, 32
      70              ;* AR4   assigned to _pos
      71                      .sym    _pos,12, 12, 17, 16
      72              ;* AL    assigned to $O$C1
      73              ;* AR6   assigned to _ui
      74                      .sym    _ui,16, 15, 4, 32
      75              ;* AR4   assigned to _pos
      76                      .sym    _pos,12, 12, 4, 16
      77 00000000 1EA6          MOVL      XAR6,ACC              ; |38| 
      78                      .line   4
      79 00000001 5603          MOV       ACC,AR4 << #3         ; |40| 
         00000002 03A4 
      80 00000003 2DA9          MOV       T,AL                  ; |40| 
      81 00000004 06A6          MOVL      ACC,XAR6              ; |40| 
      82 00000005 5622          LSRL      ACC,T                 ; |40| 
      83 00000006 1EA6          MOVL      XAR6,ACC              ; |40| 
      84 00000007 92A6          MOV       AL,AR6                ; |40| 
      85 00000008 90FF          ANDB      AL,#0xff              ; |40| 
      86 00000009 93A9          MOV       AH,AL                 ; |40| 
      87 0000000a FFD3          LSR       AH,4                  ; |40| 
      88 0000000b 910F          ANDB      AH,#0x0f              ; |40| 
      89 0000000c 2DA8          MOV       T,AH                  ; |40| 
      90 0000000d 310A          MPYB      P,T,#10               ; |40| 
      91 0000000e 900F          ANDB      AL,#15                ; |40| 
      92 0000000f 94AB          ADD       AL,PL                 ; |40| 
      93                      .line   5
      94 00000010 0006          LRETR
      95                      ; return occurs
      96                      .endfunc        41,000000000h,0
      97 00000011               .sect   ".text"
      98                      .global _SetUpByTerminal
      99                      .sym    _SetUpByTerminal,_SetUpByTerminal, 32, 2, 0
     100                      .func   51
     101              
     102              ;***************************************************************
     103              ;* FNAME: _SetUpByTerminal              FR SIZE:   0           *
     104              ;*                                                             *
     105              ;* FUNCTION ENVIRONMENT                                        *
TMS320C2000 Assembler PC v5.0.0 Sat Apr 02 12:20:12 2016

Tools Copyright (c) 1996-2007 Texas Instruments Incorporated
C:\Users\FEHR~1\AppData\Local\Temp\1501611                           PAGE    3

     106              ;*                                                             *
     107              ;* FUNCTION PROPERTIES                                         *
     108              ;*                            0 Parameter,  0 Auto,  0 SOE     *
     109              ;***************************************************************
     110              
     111              
     112              ;***************************************************************
     113              ;*                                                             *
     114              ;* Using -g (debug) with optimization (-o2) may disable key op *
     115              ;*                                                             *
     116              ;***************************************************************
     117 00000011       _SetUpByTerminal:
     118                      .line   2
     119                      .line   3
     120 00000011 761F-         MOVW      DP,#_set_datetm
         00000012 0000 
     121 00000013 9201-         MOV       AL,@_set_datetm       ; |53| 
     122 00000014 5201          CMPB      AL,#1                 ; |53| 
     123 00000015 ED3E          BF        $C$L1,NEQ             ; |53| 
     124                      ; branchcc occurs ; |53| 
     125                      .line   6
     126 00000016 0606-         MOVL      ACC,@_s_date          ; |56| 
     127 00000017 D402          MOVB      XAR4,#2               ; |56| 
     128 00000018 7640'         LCR       #_convert_partBCD8_to_u8 ; |56| 
         00000019 0000 
     129                      ; call occurs [#_convert_partBCD8_to_u8] ; |56| 
     130 0000001a 761F!         MOVW      DP,#_PVC_System_Year
         0000001b 0000 
     131 0000001c 28A8          MOV       AH,#2000              ; |56| 
         0000001d 07D0 
     132 0000001e 95A9          ADD       AH,AL                 ; |56| 
     133 0000001f 9700!         MOV       @_PVC_System_Year,AH  ; |56| 
     134                      .line   7
     135 00000020 761F-         MOVW      DP,#_s_date
         00000021 0000 
     136 00000022 D401          MOVB      XAR4,#1               ; |57| 
     137 00000023 0606-         MOVL      ACC,@_s_date          ; |57| 
     138 00000024 7640'         LCR       #_convert_partBCD8_to_u8 ; |57| 
         00000025 0000 
     139                      ; call occurs [#_convert_partBCD8_to_u8] ; |57| 
     140 00000026 761F!         MOVW      DP,#_PVC_System_Month
         00000027 0000 
     141 00000028 9600!         MOV       @_PVC_System_Month,AL ; |57| 
     142                      .line   8
     143 00000029 761F-         MOVW      DP,#_s_date
         0000002a 0000 
     144 0000002b D400          MOVB      XAR4,#0
     145 0000002c 0606-         MOVL      ACC,@_s_date          ; |58| 
     146 0000002d 7640'         LCR       #_convert_partBCD8_to_u8 ; |58| 
         0000002e 0000 
     147                      ; call occurs [#_convert_partBCD8_to_u8] ; |58| 
     148 0000002f 761F!         MOVW      DP,#_PVC_System_Day
         00000030 0000 
     149 00000031 9600!         MOV       @_PVC_System_Day,AL   ; |58| 
     150                      .line   9
TMS320C2000 Assembler PC v5.0.0 Sat Apr 02 12:20:12 2016

Tools Copyright (c) 1996-2007 Texas Instruments Incorporated
C:\Users\FEHR~1\AppData\Local\Temp\1501611                           PAGE    4

     151 00000032 761F-         MOVW      DP,#_s_time
         00000033 0000 
     152 00000034 D402          MOVB      XAR4,#2               ; |59| 
     153 00000035 060A-         MOVL      ACC,@_s_time          ; |59| 
     154 00000036 7640'         LCR       #_convert_partBCD8_to_u8 ; |59| 
         00000037 0000 
     155                      ; call occurs [#_convert_partBCD8_to_u8] ; |59| 
     156 00000038 761F!         MOVW      DP,#_PVC_System_Hour
         00000039 0000 
     157 0000003a 9600!         MOV       @_PVC_System_Hour,AL  ; |59| 
     158                      .line   10
     159 0000003b 761F-         MOVW      DP,#_s_time
         0000003c 0000 
     160 0000003d D401          MOVB      XAR4,#1               ; |60| 
     161 0000003e 060A-         MOVL      ACC,@_s_time          ; |60| 
     162 0000003f 7640'         LCR       #_convert_partBCD8_to_u8 ; |60| 
         00000040 0000 
     163                      ; call occurs [#_convert_partBCD8_to_u8] ; |60| 
     164 00000041 761F!         MOVW      DP,#_PVC_System_Minute
         00000042 0000 
     165 00000043 9600!         MOV       @_PVC_System_Minute,AL ; |60| 
     166                      .line   11
     167 00000044 761F-         MOVW      DP,#_s_time
         00000045 0000 
     168 00000046 D400          MOVB      XAR4,#0
     169 00000047 060A-         MOVL      ACC,@_s_time          ; |61| 
     170 00000048 7640'         LCR       #_convert_partBCD8_to_u8 ; |61| 
         00000049 0000 
     171                      ; call occurs [#_convert_partBCD8_to_u8] ; |61| 
     172 0000004a 761F!         MOVW      DP,#_PVC_System_Second
         0000004b 0000 
     173 0000004c 9600!         MOV       @_PVC_System_Second,AL ; |61| 
     174                      .line   12
     175 0000004d 7640!         LCR       #_WrClock             ; |62| 
         0000004e 0000 
     176                      ; call occurs [#_WrClock] ; |62| 
     177                      .line   13
     178 0000004f 761F-         MOVW      DP,#_set_datetm
         00000050 0000 
     179 00000051 56BF-         MOVB      @_set_datetm,#5,UNC   ; |63| 
         00000052 0501 
     180 00000053       $C$L1:    
     181                      .line   19
     182 00000053 9202-         MOV       AL,@_save_var         ; |69| 
     183 00000054 5201          CMPB      AL,#1                 ; |69| 
     184 00000055 ED07          BF        $C$L2,NEQ             ; |69| 
     185                      ; branchcc occurs ; |69| 
     186                      .line   22
     187 00000056 0606-         MOVL      ACC,@_s_date          ; |72| 
     188 00000057 1E08-         MOVL      @_c_date,ACC          ; |72| 
     189                      .line   23
     190 00000058 060A-         MOVL      ACC,@_s_time          ; |73| 
     191 00000059 1E04-         MOVL      @_c_time,ACC          ; |73| 
     192                      .line   24
     193 0000005a 56BF-         MOVB      @_save_var,#5,UNC     ; |74| 
TMS320C2000 Assembler PC v5.0.0 Sat Apr 02 12:20:12 2016

Tools Copyright (c) 1996-2007 Texas Instruments Incorporated
C:\Users\FEHR~1\AppData\Local\Temp\1501611                           PAGE    5

         0000005b 0502 
     194 0000005c       $C$L2:    
     195                      .line   29
     196 0000005c 0006          LRETR
     197                      ; return occurs
     198                      .endfunc        79,000000000h,0
     199              ;**************************************************************
     200              ;* UNDEFINED EXTERNAL REFERENCES                              *
     201              ;**************************************************************
     202                      .global _WrClock
     203                      .global _PVC_System_Month
     204                      .global _PVC_System_Day
     205                      .global _PVC_System_Minute
     206                      .global _PVC_System_Second
     207                      .global _PVC_System_Year
     208                      .global _PVC_System_Hour
     209              
     210              ;***************************************************************
     211              ;* TYPE INFORMATION                                            *
     212              ;***************************************************************
     213                      .sym    _uint8_t, 0, 12, 13, 16
     214                      .sym    _uint8_t, 0, 12, 13, 16
     215                      .sym    _int16_t, 0, 4, 13, 16
     216                      .sym    _uint16_t, 0, 14, 13, 16
     217                      .sym    _uint16_t, 0, 14, 13, 16
     218                      .sym    _int32_t, 0, 5, 13, 32
     219                      .sym    _uint32_t, 0, 15, 13, 32
     220                      .sym    _uint32_t, 0, 15, 13, 32
     221                      .stag   $$fake0, 960
     222                      .member _val_addr, 0, 63, 8, 128, , 4
     223                      .member _min, 128, 53, 8, 128, , 4
     224                      .member _max, 256, 53, 8, 128, , 4
     225                      .member _fp_mult, 384, 54, 8, 128, , 4
     226                      .member _sampled_date, 512, 15, 8, 32
     227                      .member _sampled_time, 544, 15, 8, 32
     228                      .member _sample_time, 576, 15, 8, 32
     229                      .member _trig_level, 608, 5, 8, 32
     230                      .member _sh, 640, 62, 8, 64, , 4
     231                      .member _state, 704, 14, 8, 16
     232                      .member _start_idx, 720, 14, 8, 16
     233                      .member _trigger_ch, 736, 14, 8, 16
     234                      .member _pretrigger, 752, 14, 8, 16
     235                      .member _trig_slope, 768, 14, 8, 16
     236                      .member _tnow, 784, 14, 8, 16
     237                      .member _tlevel_type, 800, 14, 8, 16
     238                      .member _idx, 816, 14, 8, 16
     239                      .member _div, 832, 15, 8, 32
     240                      .member _trig_ch_val_old, 864, 5, 8, 32
     241                      .member _trig_ch_val, 896, 5, 8, 32
     242                      .member _trig_delay, 928, 14, 8, 16
     243                      .member _end_idx, 944, 14, 8, 16
     244                      .eos
     245                      .sym    _bbx_struct_type, 0, 8, 13, 960,$$fake0
     246                      .stag   $$fake1, 320
     247                      .member _name, 0, 60, 8, 192, , 12
TMS320C2000 Assembler PC v5.0.0 Sat Apr 02 12:20:12 2016

Tools Copyright (c) 1996-2007 Texas Instruments Incorporated
C:\Users\FEHR~1\AppData\Local\Temp\1501611                           PAGE    6

     248                      .member _unit, 192, 14, 8, 16
     249                      .member _type, 208, 14, 8, 16
     250                      .member _ptr, 224, 15, 8, 32
     251                      .member _pmax, 256, 15, 8, 32
     252                      .member _pmin, 288, 15, 8, 32
     253                      .eos
     254                      .sym    _var_type, 0, 8, 13, 320,$$fake1
     255                      .stag   $$fake2, 288
     256                      .member _desc_number, 0, 12, 8, 16
     257                      .member _desc_text, 16, 60, 8, 272, , 17
     258                      .eos
     259                      .sym    _desc_type, 0, 8, 13, 288,$$fake2
     260                      .sym    _int8_t, 0, 2, 13, 16

No Assembly Errors, No Assembly Warnings
